2014-07-15 00:33:15.775 drop[20817:70b] Multi-tasking -> Device: YES, App: YES
2014-07-15 00:33:15.885 drop[20817:70b] Unlimited access to network resources
2014-07-15 00:33:17.673 drop[20817:70b] [CDVTimer][keyboard] 21.861970ms
2014-07-15 00:33:17.675 drop[20817:70b] CDVPlugin class CDVStatusBar (pluginName: statusbar) does not exist.
2014-07-15 00:33:17.676 drop[20817:70b] [CDVTimer][statusbar] 1.014054ms
2014-07-15 00:33:17.677 drop[20817:70b] [CDVTimer][TotalPluginStartup] 24.968028ms
2014-07-15 00:33:18.598 drop[20817:70b] Resetting plugins due to page load.
2014-07-15 00:33:19.576 drop[20817:70b] Finished load of: file:///Users/brockstone155/Library/Application%20Support/iPhone%20Simulator/7.1/Applications/46A00D6D-C96F-4C49-9984-86CC09294139/drop.app/www/index.html#/app/playlists
2014-07-15 00:35:54.681 drop[21033:70b] Multi-tasking -> Device: YES, App: YES
2014-07-15 00:35:54.708 drop[21033:70b] Unlimited access to network resources
2014-07-15 00:35:54.747 drop[21033:70b] [CDVTimer][keyboard] 0.059009ms
2014-07-15 00:35:54.747 drop[21033:70b] CDVPlugin class CDVStatusBar (pluginName: statusbar) does not exist.
2014-07-15 00:35:54.748 drop[21033:70b] [CDVTimer][statusbar] 0.386000ms
2014-07-15 00:35:54.748 drop[21033:70b] [CDVTimer][TotalPluginStartup] 1.227975ms
2014-07-15 00:35:55.770 drop[21033:70b] Resetting plugins due to page load.
2014-07-15 00:35:56.068 drop[21033:70b] Finished load of: file:///Users/brockstone155/Library/Application%20Support/iPhone%20Simulator/7.1/Applications/46A00D6D-C96F-4C49-9984-86CC09294139/drop.app/www/index.html#/app/playlists
2014-07-15 00:39:29.251 drop[21033:70b] Doing login [object Object]
2014-07-15 00:39:29.267 drop[21033:70b] THREAD WARNING: ['Console'] took '16.055908' ms. Plugin should use a background thread.
2014-07-15 02:09:47.231 drop[22153:70b] Multi-tasking -> Device: YES, App: YES
2014-07-15 02:09:48.438 drop[22153:70b] Unlimited access to network resources
2014-07-15 02:10:02.052 drop[22153:70b] [CDVTimer][keyboard] 1.896977ms
2014-07-15 02:10:02.079 drop[22153:70b] CDVPlugin class CDVStatusBar (pluginName: statusbar) does not exist.
2014-07-15 02:10:02.080 drop[22153:70b] [CDVTimer][statusbar] 0.907004ms
2014-07-15 02:10:02.080 drop[22153:70b] [CDVTimer][TotalPluginStartup] 29.784977ms
2014-07-15 02:10:07.875 drop[22153:70b] Resetting plugins due to page load.
2014-07-15 02:10:17.958 drop[22153:70b] Finished load of: file:///Users/brockstone155/Library/Application%20Support/iPhone%20Simulator/7.1/Applications/46A00D6D-C96F-4C49-9984-86CC09294139/drop.app/www/index.html#/app/playlists
2014-07-15 02:10:48.917 drop[22315:70b] Multi-tasking -> Device: YES, App: YES
2014-07-15 02:10:48.957 drop[22315:70b] Unlimited access to network resources
2014-07-15 02:10:48.988 drop[22315:70b] [CDVTimer][keyboard] 0.064015ms
2014-07-15 02:10:48.988 drop[22315:70b] CDVPlugin class CDVStatusBar (pluginName: statusbar) does not exist.
2014-07-15 02:10:48.989 drop[22315:70b] [CDVTimer][statusbar] 0.367999ms
2014-07-15 02:10:48.989 drop[22315:70b] [CDVTimer][TotalPluginStartup] 1.228988ms
2014-07-15 02:10:50.050 drop[22315:70b] Resetting plugins due to page load.
2014-07-15 02:10:50.335 drop[22315:70b] Finished load of: file:///Users/brockstone155/Library/Application%20Support/iPhone%20Simulator/7.1/Applications/46A00D6D-C96F-4C49-9984-86CC09294139/drop.app/www/index.html#/app/playlists
